<?xml version="1.0" encoding="UTF-8"?>
<testng-results ignored="0" total="1" passed="1" failed="0" skipped="0">
  <reporter-output>
  </reporter-output>
  <suite started-at="2022-11-07T09:38:12 IST" name="Default suite" finished-at="2022-11-07T09:38:14 IST" duration-ms="2359">
    <groups>
    </groups>
    <test started-at="2022-11-07T09:38:12 IST" name="Default test" finished-at="2022-11-07T09:38:14 IST" duration-ms="2359">
      <class name="Authentication.BearerToken">
        <test-method signature="bearerToken()[pri:0, instance:Authentication.BearerToken@186f8716]" started-at="2022-11-07T09:38:12 IST" name="bearerToken" finished-at="2022-11-07T09:38:14 IST" duration-ms="2303" status="PASS">
          <reporter-output>
          </reporter-output>
        </test-method> <!-- bearerToken -->
      </class> <!-- Authentication.BearerToken -->
    </test> <!-- Default test -->
  </suite> <!-- Default suite -->
</testng-results>
